Flow report for LCD_Interfacing
Wed Oct 30 21:26:37 2024
Quartus Prime Version 18.1.0 Build 625 09/12/2018 SJ Lite Edition


---------------------
; Table of Contents ;
---------------------
  1. Legal Notice
  2. Flow Summary
  3. Flow Settings
  4. Flow Non-Default Global Settings
  5. Flow Elapsed Time
  6. Flow OS Summary
  7. Flow Log
  8. Flow Messages
  9. Flow Suppressed Messages



----------------
; Legal Notice ;
----------------
Copyright (C) 2018  Intel Corporation. All rights reserved.
Your use of Intel Corporation's design tools, logic functions 
and other software and tools, and its AMPP partner logic 
functions, and any output files from any of the foregoing 
(including device programming or simulation files), and any 
associated documentation or information are expressly subject 
to the terms and conditions of the Intel Program License 
Subscription Agreement, the Intel Quartus Prime License Agreement,
the Intel FPGA IP License Agreement, or other applicable license
agreement, including, without limitation, that your use is for
the sole purpose of programming logic devices manufactured by
Intel and sold by Intel or its authorized distributors.  Please
refer to the applicable agreement for further details.



+----------------------------------------------------------------------------------+
; Flow Summary                                                                     ;
+------------------------------------+---------------------------------------------+
; Flow Status                        ; Successful - Wed Oct 30 21:26:37 2024       ;
; Quartus Prime Version              ; 18.1.0 Build 625 09/12/2018 SJ Lite Edition ;
; Revision Name                      ; LCD_Interfacing                             ;
; Top-level Entity Name              ; top                                         ;
; Family                             ; MAX 10                                      ;
; Device                             ; 10M25SAE144C8G                              ;
; Timing Models                      ; Final                                       ;
; Total logic elements               ; 398 / 24,960 ( 2 % )                        ;
;     Total combinational functions  ; 388 / 24,960 ( 2 % )                        ;
;     Dedicated logic registers      ; 216 / 24,960 ( < 1 % )                      ;
; Total registers                    ; 216                                         ;
; Total pins                         ; 29 / 101 ( 29 % )                           ;
; Total virtual pins                 ; 0                                           ;
; Total memory bits                  ; 0 / 691,200 ( 0 % )                         ;
; Embedded Multiplier 9-bit elements ; 0 / 110 ( 0 % )                             ;
; Total PLLs                         ; 0 / 1 ( 0 % )                               ;
; UFM blocks                         ; 0 / 1 ( 0 % )                               ;
; ADC blocks                         ; 0 / 1 ( 0 % )                               ;
+------------------------------------+---------------------------------------------+


+-----------------------------------------+
; Flow Settings                           ;
+-------------------+---------------------+
; Option            ; Setting             ;
+-------------------+---------------------+
; Start date & time ; 10/30/2024 21:26:13 ;
; Main task         ; Compilation         ;
; Revision Name     ; LCD_Interfacing     ;
+-------------------+---------------------+


+---------------------------------------------------------------------------------------------------------------------------------------------------+
; Flow Non-Default Global Settings                                                                                                                  ;
+--------------------------------------+----------------------------------------+-----------------+-------------+-----------------------------------+
; Assignment Name                      ; Value                                  ; Default Value   ; Entity Name ; Section Id                        ;
+--------------------------------------+----------------------------------------+-----------------+-------------+-----------------------------------+
; COMPILER_SIGNATURE_ID                ; 209958750195045.173030377226232        ; --              ; --          ; --                                ;
; EDA_DESIGN_INSTANCE_NAME             ; NA                                     ; --              ; --          ; tb                                ;
; EDA_GENERATE_FUNCTIONAL_NETLIST      ; Off                                    ; --              ; --          ; eda_board_design_timing           ;
; EDA_GENERATE_FUNCTIONAL_NETLIST      ; Off                                    ; --              ; --          ; eda_board_design_boundary_scan    ;
; EDA_GENERATE_FUNCTIONAL_NETLIST      ; Off                                    ; --              ; --          ; eda_board_design_signal_integrity ;
; EDA_GENERATE_FUNCTIONAL_NETLIST      ; Off                                    ; --              ; --          ; eda_board_design_symbol           ;
; EDA_NATIVELINK_SIMULATION_TEST_BENCH ; tb                                     ; --              ; --          ; eda_simulation                    ;
; EDA_OUTPUT_DATA_FORMAT               ; Vhdl                                   ; --              ; --          ; eda_simulation                    ;
; EDA_SIMULATION_TOOL                  ; ModelSim-Altera (VHDL)                 ; <None>          ; --          ; --                                ;
; EDA_TEST_BENCH_ENABLE_STATUS         ; TEST_BENCH_MODE                        ; --              ; --          ; eda_simulation                    ;
; EDA_TEST_BENCH_FILE                  ; tb.vhd                                 ; --              ; --          ; tb                                ;
; EDA_TEST_BENCH_MODULE_NAME           ; tb                                     ; --              ; --          ; tb                                ;
; EDA_TEST_BENCH_NAME                  ; tb                                     ; --              ; --          ; eda_simulation                    ;
; EDA_TIME_SCALE                       ; 1 ps                                   ; --              ; --          ; eda_simulation                    ;
; FLOW_ENABLE_POWER_ANALYZER           ; On                                     ; Off             ; --          ; --                                ;
; MAX_CORE_JUNCTION_TEMP               ; 85                                     ; --              ; --          ; --                                ;
; MIN_CORE_JUNCTION_TEMP               ; 0                                      ; --              ; --          ; --                                ;
; PARTITION_COLOR                      ; -- (Not supported for targeted family) ; --              ; top         ; Top                               ;
; PARTITION_FITTER_PRESERVATION_LEVEL  ; -- (Not supported for targeted family) ; --              ; top         ; Top                               ;
; PARTITION_NETLIST_TYPE               ; -- (Not supported for targeted family) ; --              ; top         ; Top                               ;
; POWER_DEFAULT_INPUT_IO_TOGGLE_RATE   ; 12.5 %                                 ; 12.5%           ; --          ; --                                ;
; POWER_PRESET_COOLING_SOLUTION        ; No Heat Sink With Still Air            ; --              ; --          ; --                                ;
; PROJECT_OUTPUT_DIRECTORY             ; output_files                           ; --              ; --          ; --                                ;
; TOP_LEVEL_ENTITY                     ; top                                    ; LCD_Interfacing ; --          ; --                                ;
+--------------------------------------+----------------------------------------+-----------------+-------------+-----------------------------------+


+--------------------------------------------------------------------------------------------------------------------------+
; Flow Elapsed Time                                                                                                        ;
+----------------------+--------------+-------------------------+---------------------+------------------------------------+
; Module Name          ; Elapsed Time ; Average Processors Used ; Peak Virtual Memory ; Total CPU Time (on all processors) ;
+----------------------+--------------+-------------------------+---------------------+------------------------------------+
; Analysis & Synthesis ; 00:00:09     ; 1.0                     ; 4859 MB             ; 00:00:05                           ;
; Fitter               ; 00:00:07     ; 1.3                     ; 6187 MB             ; 00:00:04                           ;
; Assembler            ; 00:00:01     ; 1.0                     ; 4682 MB             ; 00:00:01                           ;
; Power Analyzer       ; 00:00:02     ; 1.4                     ; 4949 MB             ; 00:00:01                           ;
; Timing Analyzer      ; 00:00:01     ; 1.3                     ; 4901 MB             ; 00:00:01                           ;
; EDA Netlist Writer   ; 00:00:01     ; 1.0                     ; 4647 MB             ; 00:00:00                           ;
; Total                ; 00:00:21     ; --                      ; --                  ; 00:00:12                           ;
+----------------------+--------------+-------------------------+---------------------+------------------------------------+


+------------------------------------------------------------------------------------+
; Flow OS Summary                                                                    ;
+----------------------+------------------+------------+------------+----------------+
; Module Name          ; Machine Hostname ; OS Name    ; OS Version ; Processor type ;
+----------------------+------------------+------------+------------+----------------+
; Analysis & Synthesis ; Varun            ; Windows 10 ; 10.0       ; x86_64         ;
; Fitter               ; Varun            ; Windows 10 ; 10.0       ; x86_64         ;
; Assembler            ; Varun            ; Windows 10 ; 10.0       ; x86_64         ;
; Power Analyzer       ; Varun            ; Windows 10 ; 10.0       ; x86_64         ;
; Timing Analyzer      ; Varun            ; Windows 10 ; 10.0       ; x86_64         ;
; EDA Netlist Writer   ; Varun            ; Windows 10 ; 10.0       ; x86_64         ;
+----------------------+------------------+------------+------------+----------------+


------------
; Flow Log ;
------------
quartus_map --read_settings_files=on --write_settings_files=off LCD_Interfacing -c LCD_Interfacing
quartus_fit --read_settings_files=off --write_settings_files=off LCD_Interfacing -c LCD_Interfacing
quartus_asm --read_settings_files=off --write_settings_files=off LCD_Interfacing -c LCD_Interfacing
quartus_pow --read_settings_files=off --write_settings_files=off LCD_Interfacing -c LCD_Interfacing
quartus_sta LCD_Interfacing -c LCD_Interfacing
quartus_eda --read_settings_files=off --write_settings_files=off LCD_Interfacing -c LCD_Interfacing



