Analysis & Synthesis report for LCD_Interfacing
Wed Oct 30 21:26:21 2024
Quartus Prime Version 18.1.0 Build 625 09/12/2018 SJ Lite Edition


---------------------
; Table of Contents ;
---------------------
  1. Legal Notice
  2. Analysis & Synthesis Summary
  3. Analysis & Synthesis Settings
  4. Parallel Compilation
  5. Analysis & Synthesis Source Files Read
  6. Analysis & Synthesis Resource Usage Summary
  7. Analysis & Synthesis Resource Utilization by Entity
  8. State Machine - |top|test:test_inst|lcd_controller:lcd_instance|state
  9. Logic Cells Representing Combinational Loops
 10. Registers Removed During Synthesis
 11. Removed Registers Triggering Further Register Optimizations
 12. General Register Statistics
 13. Inverted Register Statistics
 14. Multiplexer Restructuring Statistics (Restructuring Performed)
 15. Port Connectivity Checks: "test:test_inst|lcd_controller:lcd_instance"
 16. Port Connectivity Checks: "test:test_inst"
 17. Post-Synthesis Netlist Statistics for Top Partition
 18. Elapsed Time Per Partition
 19. Analysis & Synthesis Messages



----------------
; Legal Notice ;
----------------
Copyright (C) 2018  Intel Corporation. All rights reserved.
Your use of Intel Corporation's design tools, logic functions 
and other software and tools, and its AMPP partner logic 
functions, and any output files from any of the foregoing 
(including device programming or simulation files), and any 
associated documentation or information are expressly subject 
to the terms and conditions of the Intel Program License 
Subscription Agreement, the Intel Quartus Prime License Agreement,
the Intel FPGA IP License Agreement, or other applicable license
agreement, including, without limitation, that your use is for
the sole purpose of programming logic devices manufactured by
Intel and sold by Intel or its authorized distributors.  Please
refer to the applicable agreement for further details.



+----------------------------------------------------------------------------------+
; Analysis & Synthesis Summary                                                     ;
+------------------------------------+---------------------------------------------+
; Analysis & Synthesis Status        ; Successful - Wed Oct 30 21:26:21 2024       ;
; Quartus Prime Version              ; 18.1.0 Build 625 09/12/2018 SJ Lite Edition ;
; Revision Name                      ; LCD_Interfacing                             ;
; Top-level Entity Name              ; top                                         ;
; Family                             ; MAX 10                                      ;
; Total logic elements               ; 395                                         ;
;     Total combinational functions  ; 385                                         ;
;     Dedicated logic registers      ; 216                                         ;
; Total registers                    ; 216                                         ;
; Total pins                         ; 29                                          ;
; Total virtual pins                 ; 0                                           ;
; Total memory bits                  ; 0                                           ;
; Embedded Multiplier 9-bit elements ; 0                                           ;
; Total PLLs                         ; 0                                           ;
; UFM blocks                         ; 0                                           ;
; ADC blocks                         ; 0                                           ;
+------------------------------------+---------------------------------------------+


+------------------------------------------------------------------------------------------------------------+
; Analysis & Synthesis Settings                                                                              ;
+------------------------------------------------------------------+--------------------+--------------------+
; Option                                                           ; Setting            ; Default Value      ;
+------------------------------------------------------------------+--------------------+--------------------+
; Device                                                           ; 10M25SAE144C8G     ;                    ;
; Top-level entity name                                            ; top                ; LCD_Interfacing    ;
; Family name                                                      ; MAX 10             ; Cyclone V          ;
; Use smart compilation                                            ; Off                ; Off                ;
; Enable parallel Assembler and Timing Analyzer during compilation ; On                 ; On                 ;
; Enable compact report table                                      ; Off                ; Off                ;
; Restructure Multiplexers                                         ; Auto               ; Auto               ;
; Create Debugging Nodes for IP Cores                              ; Off                ; Off                ;
; Preserve fewer node names                                        ; On                 ; On                 ;
; Intel FPGA IP Evaluation Mode                                    ; Enable             ; Enable             ;
; Verilog Version                                                  ; Verilog_2001       ; Verilog_2001       ;
; VHDL Version                                                     ; VHDL_1993          ; VHDL_1993          ;
; State Machine Processing                                         ; Auto               ; Auto               ;
; Safe State Machine                                               ; Off                ; Off                ;
; Extract Verilog State Machines                                   ; On                 ; On                 ;
; Extract VHDL State Machines                                      ; On                 ; On                 ;
; Ignore Verilog initial constructs                                ; Off                ; Off                ;
; Iteration limit for constant Verilog loops                       ; 5000               ; 5000               ;
; Iteration limit for non-constant Verilog loops                   ; 250                ; 250                ;
; Add Pass-Through Logic to Inferred RAMs                          ; On                 ; On                 ;
; Infer RAMs from Raw Logic                                        ; On                 ; On                 ;
; Parallel Synthesis                                               ; On                 ; On                 ;
; DSP Block Balancing                                              ; Auto               ; Auto               ;
; NOT Gate Push-Back                                               ; On                 ; On                 ;
; Power-Up Don't Care                                              ; On                 ; On                 ;
; Remove Redundant Logic Cells                                     ; Off                ; Off                ;
; Remove Duplicate Registers                                       ; On                 ; On                 ;
; Ignore CARRY Buffers                                             ; Off                ; Off                ;
; Ignore CASCADE Buffers                                           ; Off                ; Off                ;
; Ignore GLOBAL Buffers                                            ; Off                ; Off                ;
; Ignore ROW GLOBAL Buffers                                        ; Off                ; Off                ;
; Ignore LCELL Buffers                                             ; Off                ; Off                ;
; Ignore SOFT Buffers                                              ; On                 ; On                 ;
; Limit AHDL Integers to 32 Bits                                   ; Off                ; Off                ;
; Optimization Technique                                           ; Balanced           ; Balanced           ;
; Carry Chain Length                                               ; 70                 ; 70                 ;
; Auto Carry Chains                                                ; On                 ; On                 ;
; Auto Open-Drain Pins                                             ; On                 ; On                 ;
; Perform WYSIWYG Primitive Resynthesis                            ; Off                ; Off                ;
; Auto ROM Replacement                                             ; On                 ; On                 ;
; Auto RAM Replacement                                             ; On                 ; On                 ;
; Auto DSP Block Replacement                                       ; On                 ; On                 ;
; Auto Shift Register Replacement                                  ; Auto               ; Auto               ;
; Allow Shift Register Merging across Hierarchies                  ; Auto               ; Auto               ;
; Auto Clock Enable Replacement                                    ; On                 ; On                 ;
; Strict RAM Replacement                                           ; Off                ; Off                ;
; Allow Synchronous Control Signals                                ; On                 ; On                 ;
; Force Use of Synchronous Clear Signals                           ; Off                ; Off                ;
; Auto RAM Block Balancing                                         ; On                 ; On                 ;
; Auto RAM to Logic Cell Conversion                                ; Off                ; Off                ;
; Auto Resource Sharing                                            ; Off                ; Off                ;
; Allow Any RAM Size For Recognition                               ; Off                ; Off                ;
; Allow Any ROM Size For Recognition                               ; Off                ; Off                ;
; Allow Any Shift Register Size For Recognition                    ; Off                ; Off                ;
; Use LogicLock Constraints during Resource Balancing              ; On                 ; On                 ;
; Ignore translate_off and synthesis_off directives                ; Off                ; Off                ;
; Timing-Driven Synthesis                                          ; On                 ; On                 ;
; Report Parameter Settings                                        ; On                 ; On                 ;
; Report Source Assignments                                        ; On                 ; On                 ;
; Report Connectivity Checks                                       ; On                 ; On                 ;
; Ignore Maximum Fan-Out Assignments                               ; Off                ; Off                ;
; Synchronization Register Chain Length                            ; 2                  ; 2                  ;
; Power Optimization During Synthesis                              ; Normal compilation ; Normal compilation ;
; HDL message level                                                ; Level2             ; Level2             ;
; Suppress Register Optimization Related Messages                  ; Off                ; Off                ;
; Number of Removed Registers Reported in Synthesis Report         ; 5000               ; 5000               ;
; Number of Swept Nodes Reported in Synthesis Report               ; 5000               ; 5000               ;
; Number of Inverted Registers Reported in Synthesis Report        ; 100                ; 100                ;
; Clock MUX Protection                                             ; On                 ; On                 ;
; Auto Gated Clock Conversion                                      ; Off                ; Off                ;
; Block Design Naming                                              ; Auto               ; Auto               ;
; SDC constraint protection                                        ; Off                ; Off                ;
; Synthesis Effort                                                 ; Auto               ; Auto               ;
; Shift Register Replacement - Allow Asynchronous Clear Signal     ; On                 ; On                 ;
; Pre-Mapping Resynthesis Optimization                             ; Off                ; Off                ;
; Analysis & Synthesis Message Level                               ; Medium             ; Medium             ;
; Disable Register Merging Across Hierarchies                      ; Auto               ; Auto               ;
; Resource Aware Inference For Block RAM                           ; On                 ; On                 ;
+------------------------------------------------------------------+--------------------+--------------------+


+------------------------------------------+
; Parallel Compilation                     ;
+----------------------------+-------------+
; Processors                 ; Number      ;
+----------------------------+-------------+
; Number detected on machine ; 16          ;
; Maximum allowed            ; 12          ;
;                            ;             ;
; Average used               ; 1.00        ;
; Maximum used               ; 12          ;
;                            ;             ;
; Usage by Processor         ; % Time Used ;
;     Processor 1            ; 100.0%      ;
;     Processor 2            ;   0.0%      ;
;     Processors 3-12        ;   0.0%      ;
+----------------------------+-------------+


+-------------------------------------------------------------------------------------------------------------------------------------------------------------+
; Analysis & Synthesis Source Files Read                                                                                                                      ;
+----------------------------------+-----------------+-----------------+----------------------------------------------------------------------------+---------+
; File Name with User-Entered Path ; Used in Netlist ; File Type       ; File Name with Absolute Path                                               ; Library ;
+----------------------------------+-----------------+-----------------+----------------------------------------------------------------------------+---------+
; master.vhd                       ; yes             ; User VHDL File  ; D:/ACADS/BOOKS_AND_LECTURES_SEM3/EE214/PROJECT/LCD_VHDL/master.vhd         ;         ;
; test.vhd                         ; yes             ; User VHDL File  ; D:/ACADS/BOOKS_AND_LECTURES_SEM3/EE214/PROJECT/LCD_VHDL/test.vhd           ;         ;
; lcd_controller.vhd               ; yes             ; User VHDL File  ; D:/ACADS/BOOKS_AND_LECTURES_SEM3/EE214/PROJECT/LCD_VHDL/lcd_controller.vhd ;         ;
; inp_detect.vhd                   ; yes             ; User VHDL File  ; D:/ACADS/BOOKS_AND_LECTURES_SEM3/EE214/PROJECT/LCD_VHDL/inp_detect.vhd     ;         ;
; top.vhd                          ; yes             ; User VHDL File  ; D:/ACADS/BOOKS_AND_LECTURES_SEM3/EE214/PROJECT/LCD_VHDL/top.vhd            ;         ;
+----------------------------------+-----------------+-----------------+----------------------------------------------------------------------------+---------+


+---------------------------------------------------------+
; Analysis & Synthesis Resource Usage Summary             ;
+---------------------------------------------+-----------+
; Resource                                    ; Usage     ;
+---------------------------------------------+-----------+
; Estimated Total logic elements              ; 395       ;
;                                             ;           ;
; Total combinational functions               ; 385       ;
; Logic element usage by number of LUT inputs ;           ;
;     -- 4 input functions                    ; 149       ;
;     -- 3 input functions                    ; 36        ;
;     -- <=2 input functions                  ; 200       ;
;                                             ;           ;
; Logic elements by mode                      ;           ;
;     -- normal mode                          ; 231       ;
;     -- arithmetic mode                      ; 154       ;
;                                             ;           ;
; Total registers                             ; 216       ;
;     -- Dedicated logic registers            ; 216       ;
;     -- I/O registers                        ; 0         ;
;                                             ;           ;
; I/O pins                                    ; 29        ;
;                                             ;           ;
; Embedded Multiplier 9-bit elements          ; 0         ;
;                                             ;           ;
; Maximum fan-out node                        ; clk~input ;
; Maximum fan-out                             ; 101       ;
; Total fan-out                               ; 1793      ;
; Average fan-out                             ; 2.72      ;
+---------------------------------------------+-----------+


+--------------------------------------------------------------------------------------------------------------------------------------------------------------------------------------------------------------------------------------------------------------------------------+
; Analysis & Synthesis Resource Utilization by Entity                                                                                                                                                                                                                            ;
+---------------------------------------+---------------------+---------------------------+-------------+------------+--------------+---------+-----------+------+--------------+------------+---------------------------------------------------+----------------+--------------+
; Compilation Hierarchy Node            ; Combinational ALUTs ; Dedicated Logic Registers ; Memory Bits ; UFM Blocks ; DSP Elements ; DSP 9x9 ; DSP 18x18 ; Pins ; Virtual Pins ; ADC blocks ; Full Hierarchy Name                               ; Entity Name    ; Library Name ;
+---------------------------------------+---------------------+---------------------------+-------------+------------+--------------+---------+-----------+------+--------------+------------+---------------------------------------------------+----------------+--------------+
; |top                                  ; 385 (0)             ; 216 (0)                   ; 0           ; 0          ; 0            ; 0       ; 0         ; 29   ; 0            ; 0          ; |top                                              ; top            ; work         ;
;    |master:master_inst|               ; 124 (124)           ; 77 (77)                   ; 0           ; 0          ; 0            ; 0       ; 0         ; 0    ; 0            ; 0          ; |top|master:master_inst                           ; master         ; work         ;
;    |test:test_inst|                   ; 261 (190)           ; 139 (104)                 ; 0           ; 0          ; 0            ; 0       ; 0         ; 0    ; 0            ; 0          ; |top|test:test_inst                               ; test           ; work         ;
;       |inp_detect:covid_det_instance| ; 30 (30)             ; 4 (4)                     ; 0           ; 0          ; 0            ; 0       ; 0         ; 0    ; 0            ; 0          ; |top|test:test_inst|inp_detect:covid_det_instance ; inp_detect     ; work         ;
;       |lcd_controller:lcd_instance|   ; 41 (41)             ; 31 (31)                   ; 0           ; 0          ; 0            ; 0       ; 0         ; 0    ; 0            ; 0          ; |top|test:test_inst|lcd_controller:lcd_instance   ; lcd_controller ; work         ;
+---------------------------------------+---------------------+---------------------------+-------------+------------+--------------+---------+-----------+------+--------------+------------+---------------------------------------------------+----------------+--------------+
Note: For table entries with two numbers listed, the numbers in parentheses indicate the number of resources of the given type used by the specific entity alone. The numbers listed outside of parentheses indicate the total resources of the given type used by the specific entity and all of its sub-entities in the hierarchy.


Encoding Type:  One-Hot
+-------------------------------------------------------------------------------------------------------------------------------------------------+
; State Machine - |top|test:test_inst|lcd_controller:lcd_instance|state                                                                           ;
+-----------+-----------+-----------+----------+----------+----------+----------+----------+----------+----------+----------+----------+----------+
; Name      ; state.S11 ; state.S10 ; state.S9 ; state.S8 ; state.S7 ; state.S6 ; state.S5 ; state.S4 ; state.S3 ; state.S2 ; state.S1 ; state.S0 ;
+-----------+-----------+-----------+----------+----------+----------+----------+----------+----------+----------+----------+----------+----------+
; state.S0  ; 0         ; 0         ; 0        ; 0        ; 0        ; 0        ; 0        ; 0        ; 0        ; 0        ; 0        ; 0        ;
; state.S1  ; 0         ; 0         ; 0        ; 0        ; 0        ; 0        ; 0        ; 0        ; 0        ; 0        ; 1        ; 1        ;
; state.S2  ; 0         ; 0         ; 0        ; 0        ; 0        ; 0        ; 0        ; 0        ; 0        ; 1        ; 0        ; 1        ;
; state.S3  ; 0         ; 0         ; 0        ; 0        ; 0        ; 0        ; 0        ; 0        ; 1        ; 0        ; 0        ; 1        ;
; state.S4  ; 0         ; 0         ; 0        ; 0        ; 0        ; 0        ; 0        ; 1        ; 0        ; 0        ; 0        ; 1        ;
; state.S5  ; 0         ; 0         ; 0        ; 0        ; 0        ; 0        ; 1        ; 0        ; 0        ; 0        ; 0        ; 1        ;
; state.S6  ; 0         ; 0         ; 0        ; 0        ; 0        ; 1        ; 0        ; 0        ; 0        ; 0        ; 0        ; 1        ;
; state.S7  ; 0         ; 0         ; 0        ; 0        ; 1        ; 0        ; 0        ; 0        ; 0        ; 0        ; 0        ; 1        ;
; state.S8  ; 0         ; 0         ; 0        ; 1        ; 0        ; 0        ; 0        ; 0        ; 0        ; 0        ; 0        ; 1        ;
; state.S9  ; 0         ; 0         ; 1        ; 0        ; 0        ; 0        ; 0        ; 0        ; 0        ; 0        ; 0        ; 1        ;
; state.S10 ; 0         ; 1         ; 0        ; 0        ; 0        ; 0        ; 0        ; 0        ; 0        ; 0        ; 0        ; 1        ;
; state.S11 ; 1         ; 0         ; 0        ; 0        ; 0        ; 0        ; 0        ; 0        ; 0        ; 0        ; 0        ; 1        ;
+-----------+-----------+-----------+----------+----------+----------+----------+----------+----------+----------+----------+----------+----------+


+-----------------------------------------------------------------+
; Logic Cells Representing Combinational Loops                    ;
+------------------------------------------------------------+----+
; Logic Cell Name                                            ;    ;
+------------------------------------------------------------+----+
; test:test_inst|inp_detect:covid_det_instance|out_ascii[64] ;    ;
; test:test_inst|inp_detect:covid_det_instance|out_ascii[56] ;    ;
; test:test_inst|inp_detect:covid_det_instance|out_ascii[40] ;    ;
; test:test_inst|inp_detect:covid_det_instance|out_ascii[32] ;    ;
; test:test_inst|inp_detect:covid_det_instance|out_ascii[8]  ;    ;
; test:test_inst|inp_detect:covid_det_instance|out_ascii[16] ;    ;
; test:test_inst|inp_detect:covid_det_instance|out_ascii[0]  ;    ;
; test:test_inst|inp_detect:covid_det_instance|out_ascii[24] ;    ;
; test:test_inst|inp_detect:covid_det_instance|out_ascii[48] ;    ;
; test:test_inst|inp_detect:covid_det_instance|out_ascii[72] ;    ;
; Number of logic cells representing combinational loops     ; 10 ;
+------------------------------------------------------------+----+
Note: All cells listed above may not be present at the end of synthesis due to various synthesis optimizations.


+-----------------------------------------------------------------------------------------------------------------------------------+
; Registers Removed During Synthesis                                                                                                ;
+--------------------------------------------------------------+--------------------------------------------------------------------+
; Register name                                                ; Reason for Removal                                                 ;
+--------------------------------------------------------------+--------------------------------------------------------------------+
; test:test_inst|erase                                         ; Stuck at GND due to stuck port data_in                             ;
; test:test_inst|lcd_controller:lcd_instance|cmd_position[4,5] ; Stuck at GND due to stuck port data_in                             ;
; test:test_inst|lcd_controller:lcd_instance|cmd_position[7]   ; Stuck at VCC due to stuck port data_in                             ;
; test:test_inst|write_data[6]                                 ; Stuck at GND due to stuck port data_in                             ;
; test:test_inst|write_row[0]                                  ; Stuck at GND due to stuck port data_in                             ;
; test:test_inst|write_data[7]                                 ; Stuck at GND due to stuck port data_in                             ;
; test:test_inst|lcd_controller:lcd_instance|data_dis[6]       ; Stuck at GND due to stuck port data_in                             ;
; test:test_inst|lcd_controller:lcd_instance|cmd_position[6]   ; Stuck at GND due to stuck port data_in                             ;
; test:test_inst|lcd_controller:lcd_instance|data_dis[7]       ; Stuck at GND due to stuck port data_in                             ;
; test:test_inst|lcd_controller:lcd_instance|lcd[6]            ; Stuck at GND due to stuck port data_in                             ;
; test:test_inst|lcd_controller:lcd_instance|lcd_rw            ; Stuck at GND due to stuck port data_in                             ;
; test:test_inst|put_char                                      ; Stuck at VCC due to stuck port data_in                             ;
; test:test_inst|lcd_controller:lcd_instance|state.S10         ; Lost fanout                                                        ;
; test:test_inst|lcd_controller:lcd_instance|state.S11         ; Lost fanout                                                        ;
; test:test_inst|lcd_controller:lcd_instance|data_dis[2,3]     ; Merged with test:test_inst|lcd_controller:lcd_instance|data_dis[1] ;
; test:test_inst|write_data[2,3]                               ; Merged with test:test_inst|write_data[1]                           ;
; test:test_inst|div_clk[0]                                    ; Merged with test:test_inst|div_clk_new[0]                          ;
; test:test_inst|div_clk[1]                                    ; Merged with test:test_inst|div_clk_new[1]                          ;
; Total Number of Removed Registers = 21                       ;                                                                    ;
+--------------------------------------------------------------+--------------------------------------------------------------------+


+----------------------------------------------------------------------------------------------------------------------+
; Removed Registers Triggering Further Register Optimizations                                                          ;
+-----------------------------+---------------------------+------------------------------------------------------------+
; Register name               ; Reason for Removal        ; Registers Removed due to This Register                     ;
+-----------------------------+---------------------------+------------------------------------------------------------+
; test:test_inst|erase        ; Stuck at GND              ; test:test_inst|lcd_controller:lcd_instance|data_dis[6],    ;
;                             ; due to stuck port data_in ; test:test_inst|lcd_controller:lcd_instance|data_dis[7],    ;
;                             ;                           ; test:test_inst|lcd_controller:lcd_instance|lcd[6],         ;
;                             ;                           ; test:test_inst|lcd_controller:lcd_instance|lcd_rw          ;
; test:test_inst|write_row[0] ; Stuck at GND              ; test:test_inst|lcd_controller:lcd_instance|cmd_position[6] ;
;                             ; due to stuck port data_in ;                                                            ;
+-----------------------------+---------------------------+------------------------------------------------------------+


+------------------------------------------------------+
; General Register Statistics                          ;
+----------------------------------------------+-------+
; Statistic                                    ; Value ;
+----------------------------------------------+-------+
; Total registers                              ; 216   ;
; Number of registers using Synchronous Clear  ; 36    ;
; Number of registers using Synchronous Load   ; 0     ;
; Number of registers using Asynchronous Clear ; 81    ;
; Number of registers using Asynchronous Load  ; 0     ;
; Number of registers using Clock Enable       ; 96    ;
; Number of registers using Preset             ; 0     ;
+----------------------------------------------+-------+


+--------------------------------------------------+
; Inverted Register Statistics                     ;
+----------------------------------------+---------+
; Inverted Register                      ; Fan out ;
+----------------------------------------+---------+
; master:master_inst|cs_gen              ; 16      ;
; Total number of inverted registers = 1 ;         ;
+----------------------------------------+---------+


+----------------------------------------------------------------------------------------------------------------------------------------------------------------------------+
; Multiplexer Restructuring Statistics (Restructuring Performed)                                                                                                             ;
+--------------------+-----------+---------------+----------------------+------------------------+------------+--------------------------------------------------------------+
; Multiplexer Inputs ; Bus Width ; Baseline Area ; Area if Restructured ; Saving if Restructured ; Registered ; Example Multiplexer Output                                   ;
+--------------------+-----------+---------------+----------------------+------------------------+------------+--------------------------------------------------------------+
; 3:1                ; 2 bits    ; 4 LEs         ; 2 LEs                ; 2 LEs                  ; Yes        ; |top|test:test_inst|lcd_controller:lcd_instance|count_cmd[2] ;
; 3:1                ; 32 bits   ; 64 LEs        ; 32 LEs               ; 32 LEs                 ; Yes        ; |top|test:test_inst|i[19]                                    ;
; 8:1                ; 2 bits    ; 10 LEs        ; 4 LEs                ; 6 LEs                  ; Yes        ; |top|test:test_inst|lcd_controller:lcd_instance|lcd[1]       ;
; 9:1                ; 3 bits    ; 18 LEs        ; 6 LEs                ; 12 LEs                 ; Yes        ; |top|test:test_inst|lcd_controller:lcd_instance|lcd[7]       ;
; 12:1               ; 10 bits   ; 80 LEs        ; 70 LEs               ; 10 LEs                 ; Yes        ; |top|test:test_inst|write_column[0]                          ;
; 12:1               ; 3 bits    ; 24 LEs        ; 21 LEs               ; 3 LEs                  ; Yes        ; |top|test:test_inst|write_data[0]                            ;
+--------------------+-----------+---------------+----------------------+------------------------+------------+--------------------------------------------------------------+


+----------------------------------------------------------------------------------------------------------------+
; Port Connectivity Checks: "test:test_inst|lcd_controller:lcd_instance"                                         ;
+------+--------+----------+-------------------------------------------------------------------------------------+
; Port ; Type   ; Severity ; Details                                                                             ;
+------+--------+----------+-------------------------------------------------------------------------------------+
; b11  ; Output ; Info     ; Connected to dangling logic. Logic that only feeds a dangling port will be removed. ;
; b12  ; Output ; Info     ; Connected to dangling logic. Logic that only feeds a dangling port will be removed. ;
+------+--------+----------+-------------------------------------------------------------------------------------+


+--------------------------------------------+
; Port Connectivity Checks: "test:test_inst" ;
+--------+-------+----------+----------------+
; Port   ; Type  ; Severity ; Details        ;
+--------+-------+----------+----------------+
; inp[0] ; Input ; Info     ; Stuck at GND   ;
+--------+-------+----------+----------------+


+-----------------------------------------------------+
; Post-Synthesis Netlist Statistics for Top Partition ;
+-----------------------+-----------------------------+
; Type                  ; Count                       ;
+-----------------------+-----------------------------+
; boundary_port         ; 29                          ;
; cycloneiii_ff         ; 216                         ;
;     CLR               ; 40                          ;
;     ENA               ; 21                          ;
;     ENA CLR           ; 41                          ;
;     ENA SCLR          ; 34                          ;
;     SCLR              ; 2                           ;
;     plain             ; 78                          ;
; cycloneiii_lcell_comb ; 387                         ;
;     arith             ; 154                         ;
;         2 data inputs ; 153                         ;
;         3 data inputs ; 1                           ;
;     normal            ; 233                         ;
;         0 data inputs ; 1                           ;
;         1 data inputs ; 7                           ;
;         2 data inputs ; 41                          ;
;         3 data inputs ; 35                          ;
;         4 data inputs ; 149                         ;
;                       ;                             ;
; Max LUT depth         ; 10.00                       ;
; Average LUT depth     ; 5.02                        ;
+-----------------------+-----------------------------+


+-------------------------------+
; Elapsed Time Per Partition    ;
+----------------+--------------+
; Partition Name ; Elapsed Time ;
+----------------+--------------+
; Top            ; 00:00:00     ;
+----------------+--------------+


+-------------------------------+
; Analysis & Synthesis Messages ;
+-------------------------------+
Info: *******************************************************************
Info: Running Quartus Prime Analysis & Synthesis
    Info: Version 18.1.0 Build 625 09/12/2018 SJ Lite Edition
    Info: Processing started: Wed Oct 30 21:26:12 2024
Info: Command: quartus_map --read_settings_files=on --write_settings_files=off LCD_Interfacing -c LCD_Interfacing
Warning (18236): Number of processors has not been specified which may cause overloading on shared machines.  Set the global assignment NUM_PARALLEL_PROCESSORS in your QSF to an appropriate value for best performance.
Info (20030): Parallel compilation is enabled and will use 12 of the 12 processors detected
Info (12021): Found 2 design units, including 1 entities, in source file master.vhd
    Info (12022): Found design unit 1: master-logic File: D:/ACADS/BOOKS_AND_LECTURES_SEM3/EE214/PROJECT/LCD_VHDL/master.vhd Line: 15
    Info (12023): Found entity 1: master File: D:/ACADS/BOOKS_AND_LECTURES_SEM3/EE214/PROJECT/LCD_VHDL/master.vhd Line: 3
Info (12021): Found 2 design units, including 1 entities, in source file test.vhd
    Info (12022): Found design unit 1: test-behave File: D:/ACADS/BOOKS_AND_LECTURES_SEM3/EE214/PROJECT/LCD_VHDL/test.vhd Line: 22
    Info (12023): Found entity 1: test File: D:/ACADS/BOOKS_AND_LECTURES_SEM3/EE214/PROJECT/LCD_VHDL/test.vhd Line: 6
Info (12021): Found 2 design units, including 1 entities, in source file lcd_controller.vhd
    Info (12022): Found design unit 1: lcd_controller-Behavioral File: D:/ACADS/BOOKS_AND_LECTURES_SEM3/EE214/PROJECT/LCD_VHDL/lcd_controller.vhd Line: 24
    Info (12023): Found entity 1: lcd_controller File: D:/ACADS/BOOKS_AND_LECTURES_SEM3/EE214/PROJECT/LCD_VHDL/lcd_controller.vhd Line: 6
Info (12021): Found 2 design units, including 1 entities, in source file tb.vhd
    Info (12022): Found design unit 1: tb-behavior File: D:/ACADS/BOOKS_AND_LECTURES_SEM3/EE214/PROJECT/LCD_VHDL/tb.vhd Line: 8
    Info (12023): Found entity 1: tb File: D:/ACADS/BOOKS_AND_LECTURES_SEM3/EE214/PROJECT/LCD_VHDL/tb.vhd Line: 5
Info (12021): Found 2 design units, including 1 entities, in source file inp_detect.vhd
    Info (12022): Found design unit 1: inp_detect-rch File: D:/ACADS/BOOKS_AND_LECTURES_SEM3/EE214/PROJECT/LCD_VHDL/inp_detect.vhd Line: 14
    Info (12023): Found entity 1: inp_detect File: D:/ACADS/BOOKS_AND_LECTURES_SEM3/EE214/PROJECT/LCD_VHDL/inp_detect.vhd Line: 5
Info (12021): Found 2 design units, including 1 entities, in source file top.vhd
    Info (12022): Found design unit 1: top-structure File: D:/ACADS/BOOKS_AND_LECTURES_SEM3/EE214/PROJECT/LCD_VHDL/top.vhd Line: 19
    Info (12023): Found entity 1: top File: D:/ACADS/BOOKS_AND_LECTURES_SEM3/EE214/PROJECT/LCD_VHDL/top.vhd Line: 4
Info (12127): Elaborating entity "top" for the top level hierarchy
Info (12128): Elaborating entity "master" for hierarchy "master:master_inst" File: D:/ACADS/BOOKS_AND_LECTURES_SEM3/EE214/PROJECT/LCD_VHDL/top.vhd Line: 55
Warning (10540): VHDL Signal Declaration warning at master.vhd(19): used explicit default value for signal "datatransmitted" because signal was never assigned a value File: D:/ACADS/BOOKS_AND_LECTURES_SEM3/EE214/PROJECT/LCD_VHDL/master.vhd Line: 19
Warning (10492): VHDL Process Statement warning at master.vhd(74): signal "bit_counter" is read inside the Process Statement but isn't in the Process Statement's sensitivity list File: D:/ACADS/BOOKS_AND_LECTURES_SEM3/EE214/PROJECT/LCD_VHDL/master.vhd Line: 74
Info (12128): Elaborating entity "test" for hierarchy "test:test_inst" File: D:/ACADS/BOOKS_AND_LECTURES_SEM3/EE214/PROJECT/LCD_VHDL/top.vhd Line: 67
Info (12128): Elaborating entity "inp_detect" for hierarchy "test:test_inst|inp_detect:covid_det_instance" File: D:/ACADS/BOOKS_AND_LECTURES_SEM3/EE214/PROJECT/LCD_VHDL/test.vhd Line: 96
Info (12128): Elaborating entity "lcd_controller" for hierarchy "test:test_inst|lcd_controller:lcd_instance" File: D:/ACADS/BOOKS_AND_LECTURES_SEM3/EE214/PROJECT/LCD_VHDL/test.vhd Line: 104
Warning (10036): Verilog HDL or VHDL warning at lcd_controller.vhd(32): object "count_next_data" assigned a value but never read File: D:/ACADS/BOOKS_AND_LECTURES_SEM3/EE214/PROJECT/LCD_VHDL/lcd_controller.vhd Line: 32
Warning (10036): Verilog HDL or VHDL warning at lcd_controller.vhd(33): object "count_next_data1" assigned a value but never read File: D:/ACADS/BOOKS_AND_LECTURES_SEM3/EE214/PROJECT/LCD_VHDL/lcd_controller.vhd Line: 33
Warning (10036): Verilog HDL or VHDL warning at lcd_controller.vhd(34): object "cmd_line_next" assigned a value but never read File: D:/ACADS/BOOKS_AND_LECTURES_SEM3/EE214/PROJECT/LCD_VHDL/lcd_controller.vhd Line: 34
Info (13000): Registers with preset signals will power-up high File: D:/ACADS/BOOKS_AND_LECTURES_SEM3/EE214/PROJECT/LCD_VHDL/master.vhd Line: 42
Info (13003): DEV_CLRn pin will set, and not reset, register with preset signal due to NOT Gate Push-Back
Warning (13024): Output pins are stuck at VCC or GND
    Warning (13410): Pin "LCD_RW" is stuck at GND File: D:/ACADS/BOOKS_AND_LECTURES_SEM3/EE214/PROJECT/LCD_VHDL/top.vhd Line: 14
    Warning (13410): Pin "LCD1[6]" is stuck at GND File: D:/ACADS/BOOKS_AND_LECTURES_SEM3/EE214/PROJECT/LCD_VHDL/top.vhd Line: 15
Info (286030): Timing-Driven Synthesis is running
Info (17049): 2 registers lost all their fanouts during netlist optimizations.
Info (16010): Generating hard_block partition "hard_block:auto_generated_inst"
    Info (16011): Adding 0 node(s), including 0 DDIO, 0 PLL, 0 transceiver and 0 LCELL
Info (21057): Implemented 475 device resources after synthesis - the final resource count might be different
    Info (21058): Implemented 4 input pins
    Info (21059): Implemented 25 output pins
    Info (21061): Implemented 446 logic cells
Info: Quartus Prime Analysis & Synthesis was successful. 0 errors, 9 warnings
    Info: Peak virtual memory: 4859 megabytes
    Info: Processing ended: Wed Oct 30 21:26:21 2024
    Info: Elapsed time: 00:00:09
    Info: Total CPU time (on all processors): 00:00:05


